Using pre-set license
Built from '2022.3/staging' branch; Version is '2022.3.7f1 (b16b3b16c7a0) revision 11627323'; Using compiler version '192829333'; Build Type 'Release'
OS: 'Windows 10  (10.0.19045) 64bit Core' Language: 'uk' Physical Memory: 16281 MB
BatchMode: 1, IsHumanControllingUs: 0, StartBugReporterOnCrash: 0, Is64bit: 1, IsPro: 1

COMMAND LINE ARGUMENTS:
D:\Unity\2022.3.7f1\Editor\Unity.exe
-adb2
-batchMode
-noUpm
-name
AssetImportWorker4
-projectPath
D:/Game/2d/My project
-logFile
Logs/AssetImportWorker4.log
-srvPort
50437
Successfully changed project path to: D:/Game/2d/My project
D:/Game/2d/My project
[UnityMemory] Configuration Parameters - Can be set up in boot.config
    "memorysetup-bucket-allocator-granularity=16"
    "memorysetup-bucket-allocator-bucket-count=8"
    "memorysetup-bucket-allocator-block-size=33554432"
    "memorysetup-bucket-allocator-block-count=8"
    "memorysetup-main-allocator-block-size=16777216"
    "memorysetup-thread-allocator-block-size=16777216"
    "memorysetup-gfx-main-allocator-block-size=16777216"
    "memorysetup-gfx-thread-allocator-block-size=16777216"
    "memorysetup-cache-allocator-block-size=4194304"
    "memorysetup-typetree-allocator-block-size=2097152"
    "memorysetup-profiler-bucket-allocator-granularity=16"
    "memorysetup-profiler-bucket-allocator-bucket-count=8"
    "memorysetup-profiler-bucket-allocator-block-size=33554432"
    "memorysetup-profiler-bucket-allocator-block-count=8"
    "memorysetup-profiler-allocator-block-size=16777216"
    "memorysetup-profiler-editor-allocator-block-size=1048576"
    "memorysetup-temp-allocator-size-main=16777216"
    "memorysetup-job-temp-allocator-block-size=2097152"
    "memorysetup-job-temp-allocator-block-size-background=1048576"
    "memorysetup-job-temp-allocator-reduction-small-platforms=262144"
    "memorysetup-allocator-temp-initial-block-size-main=262144"
    "memorysetup-allocator-temp-initial-block-size-worker=262144"
    "memorysetup-temp-allocator-size-background-worker=32768"
    "memorysetup-temp-allocator-size-job-worker=262144"
    "memorysetup-temp-allocator-size-preload-manager=33554432"
    "memorysetup-temp-allocator-size-nav-mesh-worker=65536"
    "memorysetup-temp-allocator-size-audio-worker=65536"
    "memorysetup-temp-allocator-size-cloud-worker=32768"
    "memorysetup-temp-allocator-size-gi-baking-worker=262144"
    "memorysetup-temp-allocator-size-gfx=262144"
Player connection [13812] Host "[IP] 192.168.31.62 [Port] 0 [Flags] 2 [Guid] 1515498908 [EditorId] 1515498908 [Version] 1048832 [Id] WindowsEditor(7,DESKTOP-FAND9RH) [Debug] 1 [PackageName] WindowsEditor [ProjectName] Editor" joined multi-casting on [225.0.0.222:54997]...

Player connection [13812] Host "[IP] 192.168.31.62 [Port] 0 [Flags] 2 [Guid] 1515498908 [EditorId] 1515498908 [Version] 1048832 [Id] WindowsEditor(7,DESKTOP-FAND9RH) [Debug] 1 [PackageName] WindowsEditor [ProjectName] Editor" joined alternative multi-casting on [225.0.0.222:34997]...

Refreshing native plugins compatible for Editor in 6.18 ms, found 4 plugins.
Preloading 0 native plugins for Editor in 0.00 ms.
Initialize engine version: 2022.3.7f1 (b16b3b16c7a0)
[Subsystems] Discovering subsystems at path D:/Unity/2022.3.7f1/Editor/Data/Resources/UnitySubsystems
[Subsystems] Discovering subsystems at path D:/Game/2d/My project/Assets
GfxDevice: creating device client; threaded=0; jobified=0
Direct3D:
    Version:  Direct3D 11.0 [level 11.1]
    Renderer: NVIDIA GeForce GTX 1050 Ti (ID=0x1c82)
    Vendor:   NVIDIA
    VRAM:     4004 MB
    Driver:   31.0.15.5222
Initialize mono
Mono path[0] = 'D:/Unity/2022.3.7f1/Editor/Data/Managed'
Mono path[1] = 'D:/Unity/2022.3.7f1/Editor/Data/MonoBleedingEdge/lib/mono/unityjit-win32'
Mono config path = 'D:/Unity/2022.3.7f1/Editor/Data/MonoBleedingEdge/etc'
Using monoOptions --debugger-agent=transport=dt_socket,embedding=1,server=y,suspend=n,address=127.0.0.1:56700
Begin MonoManager ReloadAssembly
Registering precompiled unity dll's ...
Register platform support module: D:/Unity/2022.3.7f1/Editor/Data/PlaybackEngines/WebGLSupport/UnityEditor.WebGL.Extensions.dll
Register platform support module: D:/Unity/2022.3.7f1/Editor/Data/PlaybackEngines/WindowsStandaloneSupport/UnityEditor.WindowsStandalone.Extensions.dll
Registered in 0.003082 seconds.
- Loaded All Assemblies, in  0.266 seconds
Native extension for WindowsStandalone target not found
Native extension for WebGL target not found
Mono: successfully reloaded assembly
- Finished resetting the current domain, in  0.206 seconds
Domain Reload Profiling: 473ms
	BeginReloadAssembly (86ms)
		ExecutionOrderSort (0ms)
		DisableScriptedObjects (0ms)
		BackupInstance (0ms)
		ReleaseScriptingObjects (0ms)
		CreateAndSetChildDomain (1ms)
	RebuildCommonClasses (24ms)
	RebuildNativeTypeToScriptingClass (8ms)
	initialDomainReloadingComplete (38ms)
	LoadAllAssembliesAndSetupDomain (110ms)
		LoadAssemblies (85ms)
		RebuildTransferFunctionScriptingTraits (0ms)
		AnalyzeDomain (109ms)
			TypeCache.Refresh (108ms)
				TypeCache.ScanAssembly (98ms)
			ScanForSourceGeneratedMonoScriptInfo (0ms)
			ResolveRequiredComponents (0ms)
	FinalizeReload (206ms)
		ReleaseScriptCaches (0ms)
		RebuildScriptCaches (0ms)
		SetupLoadedEditorAssemblies (160ms)
			LogAssemblyErrors (0ms)
			InitializePlatformSupportModulesInManaged (10ms)
			SetLoadedEditorAssemblies (5ms)
			RefreshPlugins (0ms)
			BeforeProcessingInitializeOnLoad (2ms)
			ProcessInitializeOnLoadAttributes (106ms)
			ProcessInitializeOnLoadMethodAttributes (37ms)
			AfterProcessingInitializeOnLoad (0ms)
			EditorAssembliesLoaded (0ms)
		ExecutionOrderSort2 (0ms)
		AwakeInstancesAfterBackupRestoration (0ms)
========================================================================
Worker process is ready to serve import requests
Begin MonoManager ReloadAssembly
Symbol file LoadedFromMemory doesn't match image D:\Game\2d\My project\Library\PackageCache\com.unity.visualscripting@1.8.0\Editor\VisualScripting.Core\Dependencies\YamlDotNet\Unity.VisualScripting.YamlDotNet.dll
Symbol file LoadedFromMemory doesn't match image D:\Game\2d\My project\Library\PackageCache\com.unity.visualscripting@1.8.0\Editor\VisualScripting.Core\Dependencies\DotNetZip\Unity.VisualScripting.IonicZip.dll
- Loaded All Assemblies, in  0.416 seconds
Refreshing native plugins compatible for Editor in 1.81 ms, found 4 plugins.
Native extension for WindowsStandalone target not found
Native extension for WebGL target not found
Package Manager log level set to [2]
[Package Manager] Server::EnsureServerProcessIsRunning -- launch failed, reason: Unity was launched with the -noUpm command-line argument
[Package Manager] UpmClient::Send -- Unable to send message (not connected to UPM process).
[Package Manager] Cannot connect to Unity Package Manager local server
Mono: successfully reloaded assembly
- Finished resetting the current domain, in  0.442 seconds
Domain Reload Profiling: 858ms
	BeginReloadAssembly (102ms)
		ExecutionOrderSort (0ms)
		DisableScriptedObjects (4ms)
		BackupInstance (0ms)
		ReleaseScriptingObjects (0ms)
		CreateAndSetChildDomain (17ms)
	RebuildCommonClasses (24ms)
	RebuildNativeTypeToScriptingClass (8ms)
	initialDomainReloadingComplete (26ms)
	LoadAllAssembliesAndSetupDomain (255ms)
		LoadAssemblies (190ms)
		RebuildTransferFunctionScriptingTraits (0ms)
		AnalyzeDomain (122ms)
			TypeCache.Refresh (103ms)
				TypeCache.ScanAssembly (92ms)
			ScanForSourceGeneratedMonoScriptInfo (15ms)
			ResolveRequiredComponents (3ms)
	FinalizeReload (443ms)
		ReleaseScriptCaches (0ms)
		RebuildScriptCaches (0ms)
		SetupLoadedEditorAssemblies (321ms)
			LogAssemblyErrors (0ms)
			InitializePlatformSupportModulesInManaged (4ms)
			SetLoadedEditorAssemblies (3ms)
			RefreshPlugins (0ms)
			BeforeProcessingInitializeOnLoad (48ms)
			ProcessInitializeOnLoadAttributes (240ms)
			ProcessInitializeOnLoadMethodAttributes (24ms)
			AfterProcessingInitializeOnLoad (2ms)
			EditorAssembliesLoaded (0ms)
		ExecutionOrderSort2 (0ms)
		AwakeInstancesAfterBackupRestoration (5ms)
Launched and connected shader compiler UnityShaderCompiler.exe after 0.04 seconds
Refreshing native plugins compatible for Editor in 1.96 ms, found 4 plugins.
Preloading 0 native plugins for Editor in 0.00 ms.
Unloading 4092 Unused Serialized files (Serialized files now loaded: 0)
Unloading 69 unused Assets / (244.7 KB). Loaded Objects now: 4549.
Memory consumption went from 137.8 MB to 137.6 MB.
Total: 3.032600 ms (FindLiveObjects: 0.226600 ms CreateObjectMapping: 0.112200 ms MarkObjects: 2.513200 ms  DeleteObjects: 0.179800 ms)

AssetImportParameters requested are different than current active one (requested -> active):
  custom:container-demuxer-ogg: 62fdf1f143b41e24485cea50d1cbac27 -> 
  custom:video-decoder-ogg-theora: a1e56fd34408186e4bbccfd4996cb3dc -> 
  custom:framework-win-MediaFoundation: 216162199b28c13a410421893ffa2e32 -> 
  custom:CustomObjectIndexerAttribute: 756ad292c208cfabdd7b50bc23989ffe -> 
  custom:container-demuxer-webm: 4f35f7cbe854078d1ac9338744f61a02 -> 
  custom:container-muxer-webm: aa71ff27fc2769a1b78a27578f13a17b -> 
  custom:video-decoder-webm-vp8: 9c59270c3fd7afecdb556c50c9e8de78 -> 
  custom:SearchIndexIgnoredProperties: e643bd26f0fe6173181afceb89e7c659 -> 
  custom:AudioImporter_EditorPlatform: d09bf68614088b80899f8185d706f6e7 -> 
  custom:video-encoder-webm-vp8: eb34c28f22e8b96e1ab97ce403110664 -> 
  custom:audio-decoder-ogg-vorbis: bf7c407c2cedff20999df2af8eb42d56 -> 
  custom:audio-encoder-webm-vorbis: bf7c407c2cedff20999df2af8eb42d56 -> 
========================================================================
Received Import Request.
  Time since last request: 1534060.455471 seconds.
  path: Assets/3DNPC_Characters
  artifactKey: Guid(2cdc249cff20ccb4cabf1257e267c69c) Importer(815301076,1909f56bfc062723c751e8b465ee728b)
Start importing Assets/3DNPC_Characters using Guid(2cdc249cff20ccb4cabf1257e267c69c) Importer(815301076,1909f56bfc062723c751e8b465ee728b)  -> (artifact id: '506f249bb5c7b3d2a108f8a138518480') in 0.003178 seconds
Number of updated asset objects reloaded before import = 0
Number of asset objects unloaded after import = 0
========================================================================
Received Import Request.
  Time since last request: 1.038401 seconds.
  path: Assets/3DNPC_Characters/Female_NPC
  artifactKey: Guid(43274157c97be014ba4e62d83fa483f9) Importer(815301076,1909f56bfc062723c751e8b465ee728b)
Start importing Assets/3DNPC_Characters/Female_NPC using Guid(43274157c97be014ba4e62d83fa483f9) Importer(815301076,1909f56bfc062723c751e8b465ee728b)  -> (artifact id: '1ebe74217592ff67c7a4d34b1628d985') in 0.000356 seconds
Number of updated asset objects reloaded before import = 0
Number of asset objects unloaded after import = 0
========================================================================
Received Import Request.
  Time since last request: 0.124028 seconds.
  path: Assets/3DNPC_Characters/Female_NPC/Female1.png
  artifactKey: Guid(dc96c8a234d9dcd4bb6e4083a56422cf) Importer(815301076,1909f56bfc062723c751e8b465ee728b)
Start importing Assets/3DNPC_Characters/Female_NPC/Female1.png using Guid(dc96c8a234d9dcd4bb6e4083a56422cf) Importer(815301076,1909f56bfc062723c751e8b465ee728b)  -> (artifact id: 'c21c74abe22e2645ccff5df42ec2a431') in 0.201519 seconds
Number of updated asset objects reloaded before import = 0
Number of asset objects unloaded after import = 98
========================================================================
Received Import Request.
  Time since last request: 1.699669 seconds.
  path: Assets/3DNPC_Characters/Female_NPC/F1_down_idle.anim
  artifactKey: Guid(f7adcefc2bdc269408e0fdf91b23b152) Importer(815301076,1909f56bfc062723c751e8b465ee728b)
Start importing Assets/3DNPC_Characters/Female_NPC/F1_down_idle.anim using Guid(f7adcefc2bdc269408e0fdf91b23b152) Importer(815301076,1909f56bfc062723c751e8b465ee728b)  -> (artifact id: 'a96e823a139885c4f9b39db71f0fe567') in 0.001030 seconds
Number of updated asset objects reloaded before import = 0
Number of asset objects unloaded after import = 1
========================================================================
Received Import Request.
  Time since last request: 17.241481 seconds.
  path: Assets/3DNPC_Characters/Scenes
  artifactKey: Guid(8bdd7c89f5b894941923ba9075879a56) Importer(815301076,1909f56bfc062723c751e8b465ee728b)
Start importing Assets/3DNPC_Characters/Scenes using Guid(8bdd7c89f5b894941923ba9075879a56) Importer(815301076,1909f56bfc062723c751e8b465ee728b)  -> (artifact id: 'a67ac6afb8609be5125f857275f025f7') in 0.000334 seconds
Number of updated asset objects reloaded before import = 0
Number of asset objects unloaded after import = 0
========================================================================
Received Import Request.
  Time since last request: 1.896199 seconds.
  path: Assets/3DNPC_Characters/Male_NPC
  artifactKey: Guid(9a23367961795f74eab073490bd898b1) Importer(815301076,1909f56bfc062723c751e8b465ee728b)
Start importing Assets/3DNPC_Characters/Male_NPC using Guid(9a23367961795f74eab073490bd898b1) Importer(815301076,1909f56bfc062723c751e8b465ee728b)  -> (artifact id: '2ddbeabbaa93440cd79aff57818d2310') in 0.000356 seconds
Number of updated asset objects reloaded before import = 0
Number of asset objects unloaded after import = 0
========================================================================
Received Import Request.
  Time since last request: 0.886725 seconds.
  path: Assets/3DNPC_Characters/Male_NPC/Male1.png
  artifactKey: Guid(ec10b46feb584e647b5bebf8b2c7afb2) Importer(815301076,1909f56bfc062723c751e8b465ee728b)
Start importing Assets/3DNPC_Characters/Male_NPC/Male1.png using Guid(ec10b46feb584e647b5bebf8b2c7afb2) Importer(815301076,1909f56bfc062723c751e8b465ee728b)  -> (artifact id: '61d3379e25f271edeeedb08e15209d81') in 0.130536 seconds
Number of updated asset objects reloaded before import = 0
Number of asset objects unloaded after import = 98
========================================================================
Received Import Request.
  Time since last request: 0.000019 seconds.
  path: Assets/3DNPC_Characters/Male_NPC/Male3.png
  artifactKey: Guid(76a59ef996c53c64bb48fae131d5727d) Importer(815301076,1909f56bfc062723c751e8b465ee728b)
Start importing Assets/3DNPC_Characters/Male_NPC/Male3.png using Guid(76a59ef996c53c64bb48fae131d5727d) Importer(815301076,1909f56bfc062723c751e8b465ee728b)  -> (artifact id: '9810dca57b45f2df03b45dfbd8ffd761') in 0.119918 seconds
Number of updated asset objects reloaded before import = 0
Number of asset objects unloaded after import = 98
========================================================================
Received Import Request.
  Time since last request: 0.073712 seconds.
  path: Assets/3DNPC_Characters/Male_NPC/Male4.png
  artifactKey: Guid(6eedc78c635734143a7981e2f563c86b) Importer(815301076,1909f56bfc062723c751e8b465ee728b)
Start importing Assets/3DNPC_Characters/Male_NPC/Male4.png using Guid(6eedc78c635734143a7981e2f563c86b) Importer(815301076,1909f56bfc062723c751e8b465ee728b)  -> (artifact id: 'c6c4659fb57717aadf6bb4eb9657565e') in 0.115223 seconds
Number of updated asset objects reloaded before import = 0
Number of asset objects unloaded after import = 98
========================================================================
Received Import Request.
  Time since last request: 74.347356 seconds.
  path: Assets/3DNPC_Characters/Female_NPC/Female2_0.controller
  artifactKey: Guid(cae92b2ed6ebaa14da843f19cdd39642) Importer(815301076,1909f56bfc062723c751e8b465ee728b)
Start importing Assets/3DNPC_Characters/Female_NPC/Female2_0.controller using Guid(cae92b2ed6ebaa14da843f19cdd39642) Importer(815301076,1909f56bfc062723c751e8b465ee728b)  -> (artifact id: 'eca62de5b3ddbcb12efbc89922aaa3d7') in 0.001608 seconds
Number of updated asset objects reloaded before import = 0
Number of asset objects unloaded after import = 4
========================================================================
Received Import Request.
  Time since last request: 1.950222 seconds.
  path: Assets/3DNPC_Characters/Female_NPC/Female1_92.controller
  artifactKey: Guid(911d2819b20c4bb4d8557acc52762cfb) Importer(815301076,1909f56bfc062723c751e8b465ee728b)
Start importing Assets/3DNPC_Characters/Female_NPC/Female1_92.controller using Guid(911d2819b20c4bb4d8557acc52762cfb) Importer(815301076,1909f56bfc062723c751e8b465ee728b)  -> (artifact id: '49b38039f4f44f85a1ab9e36b02832ec') in 0.000882 seconds
Number of updated asset objects reloaded before import = 0
Number of asset objects unloaded after import = 4
========================================================================
Received Import Request.
  Time since last request: 0.927331 seconds.
  path: Assets/3DNPC_Characters/Female_NPC/Female1_88.controller
  artifactKey: Guid(47f407a853d679f4986b4000ddc42355) Importer(815301076,1909f56bfc062723c751e8b465ee728b)
Start importing Assets/3DNPC_Characters/Female_NPC/Female1_88.controller using Guid(47f407a853d679f4986b4000ddc42355) Importer(815301076,1909f56bfc062723c751e8b465ee728b)  -> (artifact id: 'd15d07aa4b1d98a336489bd064367684') in 0.000929 seconds
Number of updated asset objects reloaded before import = 0
Number of asset objects unloaded after import = 4
========================================================================
Received Import Request.
  Time since last request: 0.444775 seconds.
  path: Assets/3DNPC_Characters/Female_NPC/Female1_80.controller
  artifactKey: Guid(fb9e702e3987afe4fa802091412a3387) Importer(815301076,1909f56bfc062723c751e8b465ee728b)
Start importing Assets/3DNPC_Characters/Female_NPC/Female1_80.controller using Guid(fb9e702e3987afe4fa802091412a3387) Importer(815301076,1909f56bfc062723c751e8b465ee728b)  -> (artifact id: '5782c10e6458073346ba070a6b86b21c') in 0.000884 seconds
Number of updated asset objects reloaded before import = 0
Number of asset objects unloaded after import = 4
========================================================================
Received Import Request.
  Time since last request: 0.388007 seconds.
  path: Assets/3DNPC_Characters/Female_NPC/Female1_76.controller
  artifactKey: Guid(46d487a90c59e5d43962c9f114983421) Importer(815301076,1909f56bfc062723c751e8b465ee728b)
Start importing Assets/3DNPC_Characters/Female_NPC/Female1_76.controller using Guid(46d487a90c59e5d43962c9f114983421) Importer(815301076,1909f56bfc062723c751e8b465ee728b)  -> (artifact id: '025f981206206931c5bb864fa01e6e99') in 0.000942 seconds
Number of updated asset objects reloaded before import = 0
Number of asset objects unloaded after import = 4
========================================================================
Received Import Request.
  Time since last request: 2.698612 seconds.
  path: Assets/3DNPC_Characters/Female_NPC/F6_up_idle.anim
  artifactKey: Guid(a220c992270f9d24d95610f182d773aa) Importer(815301076,1909f56bfc062723c751e8b465ee728b)
Start importing Assets/3DNPC_Characters/Female_NPC/F6_up_idle.anim using Guid(a220c992270f9d24d95610f182d773aa) Importer(815301076,1909f56bfc062723c751e8b465ee728b)  -> (artifact id: '262d6d2fdbd0391ba4e3c9f53688614a') in 0.000726 seconds
Number of updated asset objects reloaded before import = 0
Number of asset objects unloaded after import = 1
========================================================================
Received Import Request.
  Time since last request: 5.036331 seconds.
  path: Assets/3DNPC_Characters/Female_NPC/F4_down_walk.anim
  artifactKey: Guid(36915b8ad63f8294395ccd516bffd657) Importer(815301076,1909f56bfc062723c751e8b465ee728b)
Start importing Assets/3DNPC_Characters/Female_NPC/F4_down_walk.anim using Guid(36915b8ad63f8294395ccd516bffd657) Importer(815301076,1909f56bfc062723c751e8b465ee728b)  -> (artifact id: '816fed8c7fa26edfb2183d6ff7c0efbf') in 0.000718 seconds
Number of updated asset objects reloaded before import = 0
Number of asset objects unloaded after import = 1
========================================================================
Received Import Request.
  Time since last request: 2.453358 seconds.
  path: Assets/3DNPC_Characters/Scenes/Demo.unity
  artifactKey: Guid(6a51e807a34f67844aca1a23e0f89e3e) Importer(815301076,1909f56bfc062723c751e8b465ee728b)
Start importing Assets/3DNPC_Characters/Scenes/Demo.unity using Guid(6a51e807a34f67844aca1a23e0f89e3e) Importer(815301076,1909f56bfc062723c751e8b465ee728b)  -> (artifact id: '21282a8fae8e18b8f4224f506f8193c7') in 0.000384 seconds
Number of updated asset objects reloaded before import = 0
Number of asset objects unloaded after import = 0
========================================================================
Received Import Request.
  Time since last request: 15.180418 seconds.
  path: Assets/3DNPC_Characters/Male_NPC/M1_side_idle.anim
  artifactKey: Guid(e1fea7d75b101e24fb126c7ff9a135d8) Importer(815301076,1909f56bfc062723c751e8b465ee728b)
Start importing Assets/3DNPC_Characters/Male_NPC/M1_side_idle.anim using Guid(e1fea7d75b101e24fb126c7ff9a135d8) Importer(815301076,1909f56bfc062723c751e8b465ee728b)  -> (artifact id: '6bf6a901d70d97a2786acaf2512ae853') in 0.000733 seconds
Number of updated asset objects reloaded before import = 0
Number of asset objects unloaded after import = 1
========================================================================
Received Import Request.
  Time since last request: 28.813885 seconds.
  path: Assets/3DNPC_Characters/Male_NPC/Ground Tilemap.controller
  artifactKey: Guid(15c2ce779af00cc4aa0557a4a0809f54) Importer(815301076,1909f56bfc062723c751e8b465ee728b)
Start importing Assets/3DNPC_Characters/Male_NPC/Ground Tilemap.controller using Guid(15c2ce779af00cc4aa0557a4a0809f54) Importer(815301076,1909f56bfc062723c751e8b465ee728b)  -> (artifact id: '1bbe10cb760753684c09493cf355b07a') in 0.000962 seconds
Number of updated asset objects reloaded before import = 0
Number of asset objects unloaded after import = 4
========================================================================
Received Import Request.
  Time since last request: 4.100475 seconds.
  path: Assets/3DNPC_Characters/Male_NPC/M1_down_walk.anim
  artifactKey: Guid(bd832dd41710fc3458710e5e46125419) Importer(815301076,1909f56bfc062723c751e8b465ee728b)
Start importing Assets/3DNPC_Characters/Male_NPC/M1_down_walk.anim using Guid(bd832dd41710fc3458710e5e46125419) Importer(815301076,1909f56bfc062723c751e8b465ee728b)  -> (artifact id: 'e5b0dd2ea830471a306e6013b7f26ea0') in 0.000794 seconds
Number of updated asset objects reloaded before import = 0
Number of asset objects unloaded after import = 1
